<?xml version="1.0" encoding="UTF-8"?>
<!-- Generated by org.testng.reporters.JUnitXMLReporter -->
<testsuite hostname="DESKTOP-SNIGSR3" ignored="0" name="login module" tests="5" failures="1" timestamp="27 Jun 2024 03:19:02 GMT" time="0.104" errors="0">
  <testcase name="dash" time="0.025" classname="com.tests.DemoTest">
    <skipped/>
  </testcase> <!-- dash -->
  <testcase name="dash" time="0.005" classname="com.tests.DemoTest">
    <skipped/>
  </testcase> <!-- dash -->
  <testcase name="dash" time="0.001" classname="com.tests.DemoTest">
    <failure type="java.lang.AssertionError" message="expected [true] but found [false]">
      <![CDATA[java.lang.AssertionError: expected [true] but found [false]
	at com.tests.DemoTest.dash(DemoTest.java:17)
... Removed 29 stack frames]]>
    </failure>
  </testcase> <!-- dash -->
  <testcase name="login" time="0.007" classname="com.tests.DemoTest"/>
  <testcase name="logout" time="0.006" classname="com.tests.DemoTest">
    <skipped/>
  </testcase> <!-- logout -->
</testsuite> <!-- login module -->
